#
# A fatal error has been detected by the Java Runtime Environment:
#
#  EXCEPTION_ACCESS_VIOLATION (0xc0000005) at pc=0x00007ffc8aaff218, pid=13996, tid=11316
#
# JRE version: OpenJDK Runtime Environment (17.0.7) (build 17.0.7+0-b2043.56-10550314)
# Java VM: OpenJDK 64-Bit Server VM (17.0.7+0-b2043.56-10550314, mixed mode, tiered, compressed oops, compressed class ptrs, g1 gc, windows-amd64)
# Problematic frame:
# V  [jvm.dll+0x36f218]
#
# No core dump will be written. Minidumps are not enabled by default on client versions of Windows
#
# If you would like to submit a bug report, please visit:
#   https://bugreport.java.com/bugreport/crash.jsp
#

---------------  S U M M A R Y ------------

Command Line: --add-opens=java.base/java.util=ALL-UNNAMED --add-opens=java.base/java.lang=ALL-UNNAMED --add-opens=java.base/java.lang.invoke=ALL-UNNAMED --add-opens=java.prefs/java.util.prefs=ALL-UNNAMED --add-opens=java.base/java.nio.charset=ALL-UNNAMED --add-opens=java.base/java.net=ALL-UNNAMED --add-opens=java.base/java.util.concurrent.atomic=ALL-UNNAMED -Xmx2048M -Dfile.encoding=UTF-8 -Duser.country=US -Duser.language=en -Duser.variant -javaagent:C:\Users\DELL\.gradle\wrapper\dists\gradle-8.2-bin\bbg7u40eoinfdyxsxr3z4i7ta\gradle-8.2\lib\agents\gradle-instrumentation-agent-8.2.jar org.gradle.launcher.daemon.bootstrap.GradleDaemon 8.2

Host: Intel(R) Core(TM) i5-8350U CPU @ 1.70GHz, 8 cores, 7G,  Windows 10 , 64 bit Build 19041 (10.0.19041.3031)
Time: Tue Feb 13 21:48:10 2024 Iran Standard Time elapsed time: 4.782615 seconds (0d 0h 0m 4s)

---------------  T H R E A D  ---------------

Current thread (0x0000022fa6b1cb90):  JavaThread "C2 CompilerThread0" daemon [_thread_in_native, id=11316, stack(0x000000487c700000,0x000000487c800000)]


Current CompileTask:
C2:   4790 2197   !   4       java.lang.ClassLoader::loadClass (121 bytes)

Stack: [0x000000487c700000,0x000000487c800000],  sp=0x000000487c7fbce0,  free space=1007k
Native frames: (J=compiled Java code, j=interpreted, Vv=VM code, C=native code)
V  [jvm.dll+0x36f218]
V  [jvm.dll+0x36f254]
V  [jvm.dll+0x36a6d2]
V  [jvm.dll+0x1be571]
V  [jvm.dll+0x1be1db]
V  [jvm.dll+0x21d3a9]
V  [jvm.dll+0x21c671]
V  [jvm.dll+0x1a605d]
V  [jvm.dll+0x22c148]
V  [jvm.dll+0x22a209]
V  [jvm.dll+0x7f858c]
V  [jvm.dll+0x7f2aea]
V  [jvm.dll+0x682a35]
C  [ucrtbase.dll+0x21bb2]
C  [KERNEL32.DLL+0x17614]
C  [ntdll.dll+0x526f1]


siginfo: EXCEPTION_ACCESS_VIOLATION (0xc0000005), reading address 0x0000022fa900c320


Register to memory mapping:

RIP=0x00007ffc8aaff218 jvm.dll
RAX=0x0000022fa900c320 is an unknown value
RBX=0x000000487c7fec50 is pointing into the stack for thread: 0x0000022fa6b1cb90
RCX=0x000000487c7ff7b0 is pointing into the stack for thread: 0x0000022fa6b1cb90
RDX=0x0000000000001209 is an unknown value
RSP=0x000000487c7fbce0 is pointing into the stack for thread: 0x0000022fa6b1cb90
RBP=0x000000487c7fbf60 is pointing into the stack for thread: 0x0000022fa6b1cb90
RSI=0xffffffffffffffff is an unknown value
RDI=0x0000022faecc7290 points into unknown readable memory: 0x0000002a0000000c | 0c 00 00 00 2a 00 00 00
R8 =0x0000000000000200 is an unknown value
R9 =0x00007ffc8b322318 jvm.dll
R10=0x0000000000000003 is an unknown value
R11=0x0000022fabb5cc80 points into unknown readable memory: 0xf801f01f07c03e00 | 00 3e c0 07 1f f0 01 f8
R12=0x00000000000b4500 is an unknown value
R13=0x000000487c7fc300 is pointing into the stack for thread: 0x0000022fa6b1cb90
R14=0x0000000000000009 is an unknown value
R15=0x00007ffc8b322318 jvm.dll


Registers:
RAX=0x0000022fa900c320, RBX=0x000000487c7fec50, RCX=0x000000487c7ff7b0, RDX=0x0000000000001209
RSP=0x000000487c7fbce0, RBP=0x000000487c7fbf60, RSI=0xffffffffffffffff, RDI=0x0000022faecc7290
R8 =0x0000000000000200, R9 =0x00007ffc8b322318, R10=0x0000000000000003, R11=0x0000022fabb5cc80
R12=0x00000000000b4500, R13=0x000000487c7fc300, R14=0x0000000000000009, R15=0x00007ffc8b322318
RIP=0x00007ffc8aaff218, EFLAGS=0x0000000000010202

Top of Stack: (sp=0x000000487c7fbce0)
0x000000487c7fbce0:   0000000000000000 0000000000000000
0x000000487c7fbcf0:   0000000000000000 0000000000000000
0x000000487c7fbd00:   0000000000001209 00007ffc8aaff254
0x000000487c7fbd10:   0000000000000000 0000000000000000
0x000000487c7fbd20:   0000000000000000 0000000000000000
0x000000487c7fbd30:   0000000000001209 00007ffc8aafa6d2
0x000000487c7fbd40:   0000022faecc7290 0000000000001209
0x000000487c7fbd50:   0000000000000000 0000000000000000
0x000000487c7fbd60:   0000000000383e02 0000000400000cea
0x000000487c7fbd70:   0000002a0000000d 0000022fabb5cc80
0x000000487c7fbd80:   0000022fab36cdb0 0000022faecfa5f0
0x000000487c7fbd90:   0000000000001209 ffffffffffffffff
0x000000487c7fbda0:   0000000000000000 00007ffc8a94e571
0x000000487c7fbdb0:   000000000000752f 0000000000000000
0x000000487c7fbdc0:   0000022faeeb6680 00007ffc8b0cefd8
0x000000487c7fbdd0:   0000000000000000 00000004000017d4 

Instructions: (pc=0x00007ffc8aaff218)
0x00007ffc8aaff118:   48 8b 4b 28 48 85 c9 74 07 8b d7 e8 58 01 00 00
0x00007ffc8aaff128:   ff c7 3b 7b 14 72 b1 48 8b 74 24 30 33 c0 48 8b
0x00007ffc8aaff138:   7c 24 38 48 83 c4 20 5b c3 8b 41 10 44 8d 04 82
0x00007ffc8aaff148:   41 c1 e0 06 41 81 c0 00 ff ff ff 44 89 41 08 4b
0x00007ffc8aaff158:   8b 14 d3 48 0f bc c2 44 89 49 0c 8b c8 48 d3 ea
0x00007ffc8aaff168:   48 ff ca 41 03 c0 48 89 13 89 43 08 48 83 c4 20
0x00007ffc8aaff178:   5b c3 48 8b 74 24 30 44 8d 04 b8 8b c8 8d 47 01
0x00007ffc8aaff188:   48 8b 7c 24 38 41 c1 e0 06 44 89 43 08 48 8b 14
0x00007ffc8aaff198:   ca 89 43 10 48 0f bc c2 44 89 4b 0c 8b c8 48 d3
0x00007ffc8aaff1a8:   ea 48 ff ca 41 03 c0 48 89 13 89 43 08 48 83 c4
0x00007ffc8aaff1b8:   20 5b c3 cc cc cc cc cc 40 53 48 83 ec 20 65 48
0x00007ffc8aaff1c8:   8b 04 25 58 00 00 00 8b 0d a3 1c 87 00 48 8b 1c
0x00007ffc8aaff1d8:   c8 b8 50 00 00 00 80 3c 18 00 75 05 e8 37 f1 52
0x00007ffc8aaff1e8:   00 b8 20 00 00 00 48 8b 04 18 48 8b 88 d0 04 00
0x00007ffc8aaff1f8:   00 48 8b 99 80 00 00 00 48 8b 83 d0 08 00 00 48
0x00007ffc8aaff208:   85 c0 75 0c e8 ef 09 00 00 48 8b 83 d0 08 00 00
0x00007ffc8aaff218:   48 8b 08 0f 57 c0 48 89 8b d0 08 00 00 0f 11 00
0x00007ffc8aaff228:   0f 11 40 10 48 83 c4 20 5b c3 cc cc cc cc cc cc
0x00007ffc8aaff238:   cc cc cc cc cc cc cc cc 48 89 5c 24 08 57 48 83
0x00007ffc8aaff248:   ec 20 8b da 48 8b f9 e8 6c ff ff ff c1 eb 08 3b
0x00007ffc8aaff258:   5f 04 72 08 44 8d 43 01 44 89 47 04 48 8b 4f 08
0x00007ffc8aaff268:   48 89 04 d9 48 8b 5c 24 30 48 83 c4 20 5f c3 cc
0x00007ffc8aaff278:   cc cc cc cc cc cc cc cc 48 89 5c 24 08 48 89 6c
0x00007ffc8aaff288:   24 10 48 89 74 24 18 57 41 56 41 57 48 83 ec 20
0x00007ffc8aaff298:   8b c2 48 8b f9 8b 15 d5 1b 87 00 41 be 50 00 00
0x00007ffc8aaff2a8:   00 48 8d 34 c5 00 00 00 00 48 8b 41 08 48 8b 1c
0x00007ffc8aaff2b8:   06 65 48 8b 04 25 58 00 00 00 48 8b 2c d0 41 80
0x00007ffc8aaff2c8:   3c 2e 00 75 05 e8 4e f0 52 00 41 bf 20 00 00 00
0x00007ffc8aaff2d8:   49 8b 04 2f 48 8b 88 d0 04 00 00 48 8b 81 80 00
0x00007ffc8aaff2e8:   00 00 48 8b 88 d0 08 00 00 48 89 0b 41 80 3c 2e
0x00007ffc8aaff2f8:   00 75 05 e8 20 f0 52 00 49 8b 04 2f 48 8b 6c 24
0x00007ffc8aaff308:   48 48 8b 88 d0 04 00 00 48 8b 81 80 00 00 00 48 


Stack slot to memory mapping:
stack at sp + 0 slots: 0x0 is NULL
stack at sp + 1 slots: 0x0 is NULL
stack at sp + 2 slots: 0x0 is NULL
stack at sp + 3 slots: 0x0 is NULL
stack at sp + 4 slots: 0x0000000000001209 is an unknown value
stack at sp + 5 slots: 0x00007ffc8aaff254 jvm.dll
stack at sp + 6 slots: 0x0 is NULL
stack at sp + 7 slots: 0x0 is NULL


---------------  P R O C E S S  ---------------

Threads class SMR info:
_java_thread_list=0x0000022faca35c00, length=24, elements={
0x0000022f8ca2e820, 0x0000022fa68a2570, 0x0000022fa68a3430, 0x0000022fa68cc2b0,
0x0000022fa68ccd70, 0x0000022fa68cd630, 0x0000022fa68ce690, 0x0000022fa6b1cb90,
0x0000022fa6b211e0, 0x0000022fa6b24a30, 0x0000022fa682e6a0, 0x0000022fa6dda0c0,
0x0000022fab0690b0, 0x0000022fab068240, 0x0000022fab0656f0, 0x0000022fab066a30,
0x0000022fab068be0, 0x0000022fab066560, 0x0000022fab0673d0, 0x0000022fab065bc0,
0x0000022fab066090, 0x0000022fab066f00, 0x0000022fad18cd40, 0x0000022fad190700
}

Java Threads: ( => current thread )
  0x0000022f8ca2e820 JavaThread "main" [_thread_blocked, id=9188, stack(0x000000487ba00000,0x000000487bb00000)]
  0x0000022fa68a2570 JavaThread "Reference Handler" daemon [_thread_blocked, id=8212, stack(0x000000487c100000,0x000000487c200000)]
  0x0000022fa68a3430 JavaThread "Finalizer" daemon [_thread_blocked, id=9200, stack(0x000000487c200000,0x000000487c300000)]
  0x0000022fa68cc2b0 JavaThread "Signal Dispatcher" daemon [_thread_blocked, id=10376, stack(0x000000487c300000,0x000000487c400000)]
  0x0000022fa68ccd70 JavaThread "Attach Listener" daemon [_thread_blocked, id=4444, stack(0x000000487c400000,0x000000487c500000)]
  0x0000022fa68cd630 JavaThread "Service Thread" daemon [_thread_blocked, id=3528, stack(0x000000487c500000,0x000000487c600000)]
  0x0000022fa68ce690 JavaThread "Monitor Deflation Thread" daemon [_thread_blocked, id=4464, stack(0x000000487c600000,0x000000487c700000)]
=>0x0000022fa6b1cb90 JavaThread "C2 CompilerThread0" daemon [_thread_in_native, id=11316, stack(0x000000487c700000,0x000000487c800000)]
  0x0000022fa6b211e0 JavaThread "C1 CompilerThread0" daemon [_thread_blocked, id=7920, stack(0x000000487c800000,0x000000487c900000)]
  0x0000022fa6b24a30 JavaThread "Sweeper thread" daemon [_thread_blocked, id=7372, stack(0x000000487c900000,0x000000487ca00000)]
  0x0000022fa682e6a0 JavaThread "Common-Cleaner" daemon [_thread_blocked, id=3280, stack(0x000000487ca00000,0x000000487cb00000)]
  0x0000022fa6dda0c0 JavaThread "Notification Thread" daemon [_thread_blocked, id=13264, stack(0x000000487cb00000,0x000000487cc00000)]
  0x0000022fab0690b0 JavaThread "Daemon health stats" [_thread_blocked, id=6164, stack(0x000000487d300000,0x000000487d400000)]
  0x0000022fab068240 JavaThread "Incoming local TCP Connector on port 6910" [_thread_in_native, id=14212, stack(0x000000487d200000,0x000000487d300000)]
  0x0000022fab0656f0 JavaThread "Daemon periodic checks" [_thread_blocked, id=9768, stack(0x000000487d400000,0x000000487d500000)]
  0x0000022fab066a30 JavaThread "Daemon" [_thread_blocked, id=9220, stack(0x000000487d500000,0x000000487d600000)]
  0x0000022fab068be0 JavaThread "Handler for socket connection from /127.0.0.1:6910 to /127.0.0.1:6911" [_thread_in_native, id=2808, stack(0x000000487d600000,0x000000487d700000)]
  0x0000022fab066560 JavaThread "Cancel handler" [_thread_blocked, id=9324, stack(0x000000487d700000,0x000000487d800000)]
  0x0000022fab0673d0 JavaThread "Daemon worker" [_thread_in_Java, id=13076, stack(0x000000487d800000,0x000000487d900000)]
  0x0000022fab065bc0 JavaThread "Asynchronous log dispatcher for DefaultDaemonConnection: socket connection from /127.0.0.1:6910 to /127.0.0.1:6911" [_thread_blocked, id=12176, stack(0x000000487d900000,0x000000487da00000)]
  0x0000022fab066090 JavaThread "Stdin handler" [_thread_blocked, id=168, stack(0x000000487da00000,0x000000487db00000)]
  0x0000022fab066f00 JavaThread "Daemon client event forwarder" [_thread_blocked, id=11764, stack(0x000000487db00000,0x000000487dc00000)]
  0x0000022fad18cd40 JavaThread "Cache worker for journal cache (C:\Users\DELL\.gradle\caches\journal-1)" [_thread_blocked, id=12568, stack(0x000000487df00000,0x000000487e000000)]
  0x0000022fad190700 JavaThread "File lock request listener" [_thread_in_native, id=11032, stack(0x000000487e000000,0x000000487e100000)]

Other Threads:
  0x0000022fa689d620 VMThread "VM Thread" [stack: 0x000000487c000000,0x000000487c100000] [id=4412]
  0x0000022f8ca2f6e0 WatcherThread [stack: 0x000000487cc00000,0x000000487cd00000] [id=5420]
  0x0000022f8ca93530 GCTaskThread "GC Thread#0" [stack: 0x000000487bb00000,0x000000487bc00000] [id=12812]
  0x0000022fab9f4e70 GCTaskThread "GC Thread#1" [stack: 0x000000487ce00000,0x000000487cf00000] [id=10320]
  0x0000022fab61be80 GCTaskThread "GC Thread#2" [stack: 0x000000487cf00000,0x000000487d000000] [id=14040]
  0x0000022fab045d00 GCTaskThread "GC Thread#3" [stack: 0x000000487d000000,0x000000487d100000] [id=12012]
  0x0000022fabe60540 GCTaskThread "GC Thread#4" [stack: 0x000000487d100000,0x000000487d200000] [id=6100]
  0x0000022faca6e7d0 GCTaskThread "GC Thread#5" [stack: 0x000000487cd00000,0x000000487ce00000] [id=3308]
  0x0000022faca60500 GCTaskThread "GC Thread#6" [stack: 0x000000487dc00000,0x000000487dd00000] [id=10048]
  0x0000022fac136d40 GCTaskThread "GC Thread#7" [stack: 0x000000487dd00000,0x000000487de00000] [id=3188]
  0x0000022f8caa4380 ConcurrentGCThread "G1 Main Marker" [stack: 0x000000487bc00000,0x000000487bd00000] [id=10988]
  0x0000022f8caa5cb0 ConcurrentGCThread "G1 Conc#0" [stack: 0x000000487bd00000,0x000000487be00000] [id=12096]
  0x0000022fad085480 ConcurrentGCThread "G1 Conc#1" [stack: 0x000000487de00000,0x000000487df00000] [id=14308]
  0x0000022fa67024c0 ConcurrentGCThread "G1 Refine#0" [stack: 0x000000487be00000,0x000000487bf00000] [id=8440]
  0x0000022fa6702df0 ConcurrentGCThread "G1 Service" [stack: 0x000000487bf00000,0x000000487c000000] [id=6652]

Threads with active compile tasks:
C2 CompilerThread0     4862 2197   !   4       java.lang.ClassLoader::loadClass (121 bytes)

VM state: not at safepoint (normal execution)

VM Mutex/Monitor currently owned by a thread: None

Heap address: 0x0000000080000000, size: 2048 MB, Compressed Oops mode: 32-bit

CDS archive(s) not mapped
Compressed class space mapped at: 0x0000000100000000-0x0000000140000000, reserved size: 1073741824
Narrow klass base: 0x0000000000000000, Narrow klass shift: 3, Narrow klass range: 0x140000000

GC Precious Log:
 CPUs: 8 total, 8 available
 Memory: 8050M
 Large Page Support: Disabled
 NUMA Support: Disabled
 Compressed Oops: Enabled (32-bit)
 Heap Region Size: 1M
 Heap Min Capacity: 8M
 Heap Initial Capacity: 126M
 Heap Max Capacity: 2G
 Pre-touch: Disabled
 Parallel Workers: 8
 Concurrent Workers: 2
 Concurrent Refinement Workers: 8
 Periodic GC: Disabled

Heap:
 garbage-first heap   total 68608K, used 35981K [0x0000000080000000, 0x0000000100000000)
  region size 1024K, 26 young (26624K), 8 survivors (8192K)
 Metaspace       used 23980K, committed 24256K, reserved 1114112K
  class space    used 3007K, committed 3136K, reserved 1048576K

Heap Regions: E=young(eden), S=young(survivor), O=old, HS=humongous(starts), HC=humongous(continues), CS=collection set, F=free, OA=open archive, CA=closed archive, TAMS=top-at-mark-start (previous, next)
|   0|0x0000000080000000, 0x0000000080100000, 0x0000000080100000|100%|HS|  |TAMS 0x0000000080100000, 0x0000000080000000| Complete 
|   1|0x0000000080100000, 0x0000000080200000, 0x0000000080200000|100%|HC|  |TAMS 0x0000000080200000, 0x0000000080100000| Complete 
|   2|0x0000000080200000, 0x0000000080300000, 0x0000000080300000|100%|HC|  |TAMS 0x0000000080300000, 0x0000000080200000| Complete 
|   3|0x0000000080300000, 0x0000000080400000, 0x0000000080400000|100%|HC|  |TAMS 0x0000000080400000, 0x0000000080300000| Complete 
|   4|0x0000000080400000, 0x0000000080500000, 0x0000000080500000|100%| O|  |TAMS 0x0000000080500000, 0x0000000080400000| Untracked 
|   5|0x0000000080500000, 0x0000000080600000, 0x0000000080600000|100%| O|  |TAMS 0x0000000080600000, 0x0000000080500000| Untracked 
|   6|0x0000000080600000, 0x0000000080700000, 0x0000000080700000|100%| O|  |TAMS 0x0000000080700000, 0x0000000080600000| Untracked 
|   7|0x0000000080700000, 0x0000000080800000, 0x0000000080800000|100%| O|  |TAMS 0x0000000080800000, 0x0000000080700000| Untracked 
|   8|0x0000000080800000, 0x0000000080800000, 0x0000000080900000|  0%| F|  |TAMS 0x0000000080800000, 0x0000000080800000| Untracked 
|   9|0x0000000080900000, 0x0000000080a00000, 0x0000000080a00000|100%| O|  |TAMS 0x0000000080a00000, 0x0000000080900000| Untracked 
|  10|0x0000000080a00000, 0x0000000080b00000, 0x0000000080b00000|100%| O|  |TAMS 0x0000000080b00000, 0x0000000080a00000| Untracked 
|  11|0x0000000080b00000, 0x0000000080b52000, 0x0000000080c00000| 32%| O|  |TAMS 0x0000000080b52000, 0x0000000080b00000| Untracked 
|  12|0x0000000080c00000, 0x0000000080c00000, 0x0000000080d00000|  0%| F|  |TAMS 0x0000000080c00000, 0x0000000080c00000| Untracked 
|  13|0x0000000080d00000, 0x0000000080d00000, 0x0000000080e00000|  0%| F|  |TAMS 0x0000000080d00000, 0x0000000080d00000| Untracked 
|  14|0x0000000080e00000, 0x0000000080e00000, 0x0000000080f00000|  0%| F|  |TAMS 0x0000000080e00000, 0x0000000080e00000| Untracked 
|  15|0x0000000080f00000, 0x0000000080f00000, 0x0000000081000000|  0%| F|  |TAMS 0x0000000080f00000, 0x0000000080f00000| Untracked 
|  16|0x0000000081000000, 0x0000000081000000, 0x0000000081100000|  0%| F|  |TAMS 0x0000000081000000, 0x0000000081000000| Untracked 
|  17|0x0000000081100000, 0x0000000081100000, 0x0000000081200000|  0%| F|  |TAMS 0x0000000081100000, 0x0000000081100000| Untracked 
|  18|0x0000000081200000, 0x0000000081200000, 0x0000000081300000|  0%| F|  |TAMS 0x0000000081200000, 0x0000000081200000| Untracked 
|  19|0x0000000081300000, 0x0000000081300000, 0x0000000081400000|  0%| F|  |TAMS 0x0000000081300000, 0x0000000081300000| Untracked 
|  20|0x0000000081400000, 0x0000000081400000, 0x0000000081500000|  0%| F|  |TAMS 0x0000000081400000, 0x0000000081400000| Untracked 
|  21|0x0000000081500000, 0x0000000081500000, 0x0000000081600000|  0%| F|  |TAMS 0x0000000081500000, 0x0000000081500000| Untracked 
|  22|0x0000000081600000, 0x0000000081600000, 0x0000000081700000|  0%| F|  |TAMS 0x0000000081600000, 0x0000000081600000| Untracked 
|  23|0x0000000081700000, 0x0000000081700000, 0x0000000081800000|  0%| F|  |TAMS 0x0000000081700000, 0x0000000081700000| Untracked 
|  24|0x0000000081800000, 0x0000000081800000, 0x0000000081900000|  0%| F|  |TAMS 0x0000000081800000, 0x0000000081800000| Untracked 
|  25|0x0000000081900000, 0x0000000081900000, 0x0000000081a00000|  0%| F|  |TAMS 0x0000000081900000, 0x0000000081900000| Untracked 
|  26|0x0000000081a00000, 0x0000000081a00000, 0x0000000081b00000|  0%| F|  |TAMS 0x0000000081a00000, 0x0000000081a00000| Untracked 
|  27|0x0000000081b00000, 0x0000000081b00000, 0x0000000081c00000|  0%| F|  |TAMS 0x0000000081b00000, 0x0000000081b00000| Untracked 
|  28|0x0000000081c00000, 0x0000000081c00000, 0x0000000081d00000|  0%| F|  |TAMS 0x0000000081c00000, 0x0000000081c00000| Untracked 
|  29|0x0000000081d00000, 0x0000000081d00000, 0x0000000081e00000|  0%| F|  |TAMS 0x0000000081d00000, 0x0000000081d00000| Untracked 
|  30|0x0000000081e00000, 0x0000000081e00000, 0x0000000081f00000|  0%| F|  |TAMS 0x0000000081e00000, 0x0000000081e00000| Untracked 
|  31|0x0000000081f00000, 0x0000000081f00000, 0x0000000082000000|  0%| F|  |TAMS 0x0000000081f00000, 0x0000000081f00000| Untracked 
|  32|0x0000000082000000, 0x0000000082000000, 0x0000000082100000|  0%| F|  |TAMS 0x0000000082000000, 0x0000000082000000| Untracked 
|  33|0x0000000082100000, 0x0000000082100000, 0x0000000082200000|  0%| F|  |TAMS 0x0000000082100000, 0x0000000082100000| Untracked 
|  34|0x0000000082200000, 0x0000000082200000, 0x0000000082300000|  0%| F|  |TAMS 0x0000000082200000, 0x0000000082200000| Untracked 
|  35|0x0000000082300000, 0x0000000082300000, 0x0000000082400000|  0%| F|  |TAMS 0x0000000082300000, 0x0000000082300000| Untracked 
|  36|0x0000000082400000, 0x0000000082400000, 0x0000000082500000|  0%| F|  |TAMS 0x0000000082400000, 0x0000000082400000| Untracked 
|  37|0x0000000082500000, 0x0000000082500000, 0x0000000082600000|  0%| F|  |TAMS 0x0000000082500000, 0x0000000082500000| Untracked 
|  38|0x0000000082600000, 0x0000000082600000, 0x0000000082700000|  0%| F|  |TAMS 0x0000000082600000, 0x0000000082600000| Untracked 
|  39|0x0000000082700000, 0x0000000082700000, 0x0000000082800000|  0%| F|  |TAMS 0x0000000082700000, 0x0000000082700000| Untracked 
|  40|0x0000000082800000, 0x0000000082800000, 0x0000000082900000|  0%| F|  |TAMS 0x0000000082800000, 0x0000000082800000| Untracked 
|  41|0x0000000082900000, 0x000000008294cc20, 0x0000000082a00000| 29%| E|  |TAMS 0x0000000082900000, 0x0000000082900000| Complete 
|  42|0x0000000082a00000, 0x0000000082b00000, 0x0000000082b00000|100%| E|CS|TAMS 0x0000000082a00000, 0x0000000082a00000| Complete 
|  43|0x0000000082b00000, 0x0000000082c00000, 0x0000000082c00000|100%| E|CS|TAMS 0x0000000082b00000, 0x0000000082b00000| Complete 
|  44|0x0000000082c00000, 0x0000000082d00000, 0x0000000082d00000|100%| E|CS|TAMS 0x0000000082c00000, 0x0000000082c00000| Complete 
|  45|0x0000000082d00000, 0x0000000082e00000, 0x0000000082e00000|100%| E|CS|TAMS 0x0000000082d00000, 0x0000000082d00000| Complete 
|  46|0x0000000082e00000, 0x0000000082f00000, 0x0000000082f00000|100%| E|CS|TAMS 0x0000000082e00000, 0x0000000082e00000| Complete 
|  47|0x0000000082f00000, 0x0000000083000000, 0x0000000083000000|100%| E|CS|TAMS 0x0000000082f00000, 0x0000000082f00000| Complete 
|  48|0x0000000083000000, 0x0000000083100000, 0x0000000083100000|100%| E|CS|TAMS 0x0000000083000000, 0x0000000083000000| Complete 
|  49|0x0000000083100000, 0x0000000083200000, 0x0000000083200000|100%| E|CS|TAMS 0x0000000083100000, 0x0000000083100000| Complete 
|  50|0x0000000083200000, 0x0000000083300000, 0x0000000083300000|100%| E|CS|TAMS 0x0000000083200000, 0x0000000083200000| Complete 
|  51|0x0000000083300000, 0x0000000083400000, 0x0000000083400000|100%| E|CS|TAMS 0x0000000083300000, 0x0000000083300000| Complete 
|  52|0x0000000083400000, 0x0000000083500000, 0x0000000083500000|100%| E|CS|TAMS 0x0000000083400000, 0x0000000083400000| Complete 
|  53|0x0000000083500000, 0x0000000083600000, 0x0000000083600000|100%| E|CS|TAMS 0x0000000083500000, 0x0000000083500000| Complete 
|  54|0x0000000083600000, 0x0000000083700000, 0x0000000083700000|100%| E|CS|TAMS 0x0000000083600000, 0x0000000083600000| Complete 
|  55|0x0000000083700000, 0x0000000083800000, 0x0000000083800000|100%| E|CS|TAMS 0x0000000083700000, 0x0000000083700000| Complete 
|  56|0x0000000083800000, 0x0000000083900000, 0x0000000083900000|100%| E|CS|TAMS 0x0000000083800000, 0x0000000083800000| Complete 
|  57|0x0000000083900000, 0x0000000083a00000, 0x0000000083a00000|100%| E|CS|TAMS 0x0000000083900000, 0x0000000083900000| Complete 
|  73|0x0000000084900000, 0x00000000849d1460, 0x0000000084a00000| 81%| S|CS|TAMS 0x0000000084900000, 0x0000000084900000| Complete 
|  74|0x0000000084a00000, 0x0000000084b00000, 0x0000000084b00000|100%| S|CS|TAMS 0x0000000084a00000, 0x0000000084a00000| Complete 
|  75|0x0000000084b00000, 0x0000000084c00000, 0x0000000084c00000|100%| S|CS|TAMS 0x0000000084b00000, 0x0000000084b00000| Complete 
|  76|0x0000000084c00000, 0x0000000084d00000, 0x0000000084d00000|100%| S|CS|TAMS 0x0000000084c00000, 0x0000000084c00000| Complete 
|  77|0x0000000084d00000, 0x0000000084e00000, 0x0000000084e00000|100%| S|CS|TAMS 0x0000000084d00000, 0x0000000084d00000| Complete 
|  78|0x0000000084e00000, 0x0000000084f00000, 0x0000000084f00000|100%| S|CS|TAMS 0x0000000084e00000, 0x0000000084e00000| Complete 
|  79|0x0000000084f00000, 0x0000000085000000, 0x0000000085000000|100%| S|CS|TAMS 0x0000000084f00000, 0x0000000084f00000| Complete 
|  80|0x0000000085000000, 0x0000000085100000, 0x0000000085100000|100%| S|CS|TAMS 0x0000000085000000, 0x0000000085000000| Complete 
| 125|0x0000000087d00000, 0x0000000087e00000, 0x0000000087e00000|100%| E|CS|TAMS 0x0000000087d00000, 0x0000000087d00000| Complete 

Card table byte_map: [0x0000022f9f640000,0x0000022f9fa40000] _byte_map_base: 0x0000022f9f240000

Marking Bits (Prev, Next): (CMBitMap*) 0x0000022f8ca93a90, (CMBitMap*) 0x0000022f8ca93a50
 Prev Bits: [0x0000022fa1e40000, 0x0000022fa3e40000)
 Next Bits: [0x0000022f9fe40000, 0x0000022fa1e40000)

Polling page: 0x0000022f8abb0000

Metaspace:

Usage:
  Non-class:     20.49 MB used.
      Class:      2.94 MB used.
       Both:     23.43 MB used.

Virtual space:
  Non-class space:       64.00 MB reserved,      20.69 MB ( 32%) committed,  1 nodes.
      Class space:        1.00 GB reserved,       3.06 MB ( <1%) committed,  1 nodes.
             Both:        1.06 GB reserved,      23.75 MB (  2%) committed. 

Chunk freelists:
   Non-Class:  10.92 MB
       Class:  12.81 MB
        Both:  23.73 MB

MaxMetaspaceSize: unlimited
CompressedClassSpaceSize: 1.00 GB
Initial GC threshold: 21.00 MB
Current GC threshold: 35.25 MB
CDS: off
MetaspaceReclaimPolicy: balanced
 - commit_granule_bytes: 65536.
 - commit_granule_words: 8192.
 - virtual_space_node_default_size: 8388608.
 - enlarge_chunks_in_place: 1.
 - new_chunks_are_fully_committed: 0.
 - uncommit_free_chunks: 1.
 - use_allocation_guard: 0.
 - handle_deallocations: 1.


Internal statistics:

num_allocs_failed_limit: 3.
num_arena_births: 212.
num_arena_deaths: 0.
num_vsnodes_births: 2.
num_vsnodes_deaths: 0.
num_space_committed: 380.
num_space_uncommitted: 0.
num_chunks_returned_to_freelist: 3.
num_chunks_taken_from_freelist: 714.
num_chunk_merges: 3.
num_chunk_splits: 469.
num_chunks_enlarged: 339.
num_inconsistent_stats: 0.

CodeHeap 'non-profiled nmethods': size=120000Kb used=1136Kb max_used=1136Kb free=118864Kb
 bounds [0x0000022f979e0000, 0x0000022f97c50000, 0x0000022f9ef10000]
CodeHeap 'profiled nmethods': size=120000Kb used=4464Kb max_used=4464Kb free=115535Kb
 bounds [0x0000022f8ff10000, 0x0000022f90370000, 0x0000022f97440000]
CodeHeap 'non-nmethods': size=5760Kb used=1218Kb max_used=1279Kb free=4541Kb
 bounds [0x0000022f97440000, 0x0000022f976b0000, 0x0000022f979e0000]
 total_blobs=2743 nmethods=2212 adapters=444
 compilation: enabled
              stopped_count=0, restarted_count=0
 full_count=0

Compilation events (20 events):
Event: 4.022 Thread 0x0000022fa6b1cb90 2194       4       jdk.internal.org.objectweb.asm.ByteVector::put12 (64 bytes)
Event: 4.022 Thread 0x0000022fa6b211e0 2195       3       jdk.internal.org.objectweb.asm.FieldVisitor::<init> (88 bytes)
Event: 4.022 Thread 0x0000022fa6b211e0 nmethod 2195 0x0000022f9035fb10 code [0x0000022f9035fd60, 0x0000022f90360628]
Event: 4.022 Thread 0x0000022fa6b211e0 2196       3       jdk.internal.org.objectweb.asm.SymbolTable::addConstantString (8 bytes)
Event: 4.023 Thread 0x0000022fa6b211e0 nmethod 2196 0x0000022f90360910 code [0x0000022f90360aa0, 0x0000022f90360be8]
Event: 4.024 Thread 0x0000022fa6b1cb90 nmethod 2194 0x0000022f97afb590 code [0x0000022f97afb720, 0x0000022f97afb8e8]
Event: 4.025 Thread 0x0000022fa6b1cb90 2197   !   4       java.lang.ClassLoader::loadClass (121 bytes)
Event: 4.482 Thread 0x0000022fa6b211e0 2198       3       jdk.internal.misc.Unsafe::putReferenceOpaque (9 bytes)
Event: 4.482 Thread 0x0000022fa6b211e0 nmethod 2198 0x0000022f90360c90 code [0x0000022f90360e20, 0x0000022f90360f78]
Event: 4.496 Thread 0x0000022fa6b211e0 2199       3       java.util.concurrent.locks.AbstractQueuedSynchronizer$ConditionObject::canReacquire (28 bytes)
Event: 4.497 Thread 0x0000022fa6b211e0 nmethod 2199 0x0000022f90361010 code [0x0000022f903611c0, 0x0000022f90361518]
Event: 4.511 Thread 0x0000022fa6b211e0 2200       3       java.util.concurrent.locks.ReentrantLock::unlock (10 bytes)
Event: 4.512 Thread 0x0000022fa6b211e0 nmethod 2200 0x0000022f90361690 code [0x0000022f90361860, 0x0000022f90361b38]
Event: 4.527 Thread 0x0000022fa6b211e0 2201       3       java.util.concurrent.locks.LockSupport::setBlocker (12 bytes)
Event: 4.528 Thread 0x0000022fa6b211e0 nmethod 2201 0x0000022f90361c90 code [0x0000022f90361e40, 0x0000022f90362048]
Event: 4.591 Thread 0x0000022fa6b211e0 2203       3       java.util.concurrent.locks.ReentrantLock$NonfairSync::initialTryLock (58 bytes)
Event: 4.591 Thread 0x0000022fa6b211e0 nmethod 2203 0x0000022f90362110 code [0x0000022f903622e0, 0x0000022f903626f8]
Event: 4.591 Thread 0x0000022fa6b211e0 2202       1       org.gradle.launcher.daemon.server.exec.DaemonConnectionBackedEventConsumer::access$000 (5 bytes)
Event: 4.592 Thread 0x0000022fa6b211e0 nmethod 2202 0x0000022f97afba10 code [0x0000022f97afbba0, 0x0000022f97afbc58]
Event: 4.719 Thread 0x0000022fa6b211e0 2204       3       org.gradle.internal.service.DefaultServiceRegistry$OwnServices::add (153 bytes)

GC Heap History (6 events):
Event: 0.954 GC heap before
{Heap before GC invocations=0 (full 0):
 garbage-first heap   total 129024K, used 26624K [0x0000000080000000, 0x0000000100000000)
  region size 1024K, 23 young (23552K), 0 survivors (0K)
 Metaspace       used 10454K, committed 10688K, reserved 1114112K
  class space    used 1089K, committed 1216K, reserved 1048576K
}
Event: 0.959 GC heap after
{Heap after GC invocations=1 (full 0):
 garbage-first heap   total 129024K, used 10419K [0x0000000080000000, 0x0000000100000000)
  region size 1024K, 3 young (3072K), 3 survivors (3072K)
 Metaspace       used 10454K, committed 10688K, reserved 1114112K
  class space    used 1089K, committed 1216K, reserved 1048576K
}
Event: 1.377 GC heap before
{Heap before GC invocations=1 (full 0):
 garbage-first heap   total 129024K, used 40115K [0x0000000080000000, 0x0000000100000000)
  region size 1024K, 31 young (31744K), 3 survivors (3072K)
 Metaspace       used 11429K, committed 11648K, reserved 1114112K
  class space    used 1193K, committed 1280K, reserved 1048576K
}
Event: 1.383 GC heap after
{Heap after GC invocations=2 (full 0):
 garbage-first heap   total 129024K, used 13199K [0x0000000080000000, 0x0000000100000000)
  region size 1024K, 3 young (3072K), 3 survivors (3072K)
 Metaspace       used 11429K, committed 11648K, reserved 1114112K
  class space    used 1193K, committed 1280K, reserved 1048576K
}
Event: 3.079 GC heap before
{Heap before GC invocations=2 (full 0):
 garbage-first heap   total 129024K, used 55183K [0x0000000080000000, 0x0000000100000000)
  region size 1024K, 45 young (46080K), 3 survivors (3072K)
 Metaspace       used 21328K, committed 21504K, reserved 1114112K
  class space    used 2564K, committed 2624K, reserved 1048576K
}
Event: 3.086 GC heap after
{Heap after GC invocations=3 (full 0):
 garbage-first heap   total 129024K, used 18573K [0x0000000080000000, 0x0000000100000000)
  region size 1024K, 8 young (8192K), 8 survivors (8192K)
 Metaspace       used 21328K, committed 21504K, reserved 1114112K
  class space    used 2564K, committed 2624K, reserved 1048576K
}

Dll operation events (3 events):
Event: 0.009 Loaded shared library D:\Programs\Android Studio\jbr\bin\java.dll
Event: 0.130 Loaded shared library D:\Programs\Android Studio\jbr\bin\zip.dll
Event: 0.409 Loaded shared library D:\Programs\Android Studio\jbr\bin\verify.dll

Deoptimization events (20 events):
Event: 2.975 Thread 0x0000022fab0673d0 Uncommon trap: trap_request=0xffffff45 fr.pc=0x0000022f97a911bc relative=0x00000000000003fc
Event: 2.975 Thread 0x0000022fab0673d0 Uncommon trap: reason=unstable_if action=reinterpret pc=0x0000022f97a911bc method=java.util.concurrent.ConcurrentHashMap.get(Ljava/lang/Object;)Ljava/lang/Object; @ 76 c2
Event: 2.975 Thread 0x0000022fab0673d0 DEOPT PACKING pc=0x0000022f97a911bc sp=0x000000487d8fb7d0
Event: 2.975 Thread 0x0000022fab0673d0 DEOPT UNPACKING pc=0x0000022f974969a3 sp=0x000000487d8fb748 mode 2
Event: 3.098 Thread 0x0000022fab0673d0 Uncommon trap: trap_request=0xffffff45 fr.pc=0x0000022f97ab18c4 relative=0x00000000000001a4
Event: 3.098 Thread 0x0000022fab0673d0 Uncommon trap: reason=unstable_if action=reinterpret pc=0x0000022f97ab18c4 method=java.util.WeakHashMap.expungeStaleEntries()V @ 9 c2
Event: 3.098 Thread 0x0000022fab0673d0 DEOPT PACKING pc=0x0000022f97ab18c4 sp=0x000000487d8fb120
Event: 3.098 Thread 0x0000022fab0673d0 DEOPT UNPACKING pc=0x0000022f974969a3 sp=0x000000487d8fb0b8 mode 2
Event: 3.612 Thread 0x0000022fab0673d0 Uncommon trap: trap_request=0xffffff45 fr.pc=0x0000022f97a6c37c relative=0x000000000000075c
Event: 3.612 Thread 0x0000022fab0673d0 Uncommon trap: reason=unstable_if action=reinterpret pc=0x0000022f97a6c37c method=java.util.ArrayList.grow(I)[Ljava/lang/Object; @ 17 c2
Event: 3.612 Thread 0x0000022fab0673d0 DEOPT PACKING pc=0x0000022f97a6c37c sp=0x000000487d8fcf70
Event: 3.612 Thread 0x0000022fab0673d0 DEOPT UNPACKING pc=0x0000022f974969a3 sp=0x000000487d8fce08 mode 2
Event: 3.654 Thread 0x0000022fab0673d0 Uncommon trap: trap_request=0xffffff45 fr.pc=0x0000022f97a5cae8 relative=0x0000000000000ae8
Event: 3.654 Thread 0x0000022fab0673d0 Uncommon trap: reason=unstable_if action=reinterpret pc=0x0000022f97a5cae8 method=java.io.WinNTFileSystem.resolve(Ljava/lang/String;Ljava/lang/String;)Ljava/lang/String; @ 19 c2
Event: 3.654 Thread 0x0000022fab0673d0 DEOPT PACKING pc=0x0000022f97a5cae8 sp=0x000000487d8fce50
Event: 3.654 Thread 0x0000022fab0673d0 DEOPT UNPACKING pc=0x0000022f974969a3 sp=0x000000487d8fcdf8 mode 2
Event: 3.656 Thread 0x0000022fab0673d0 Uncommon trap: trap_request=0xffffff45 fr.pc=0x0000022f97a592a8 relative=0x0000000000000608
Event: 3.656 Thread 0x0000022fab0673d0 Uncommon trap: reason=unstable_if action=reinterpret pc=0x0000022f97a592a8 method=java.io.File.getName()Ljava/lang/String; @ 16 c2
Event: 3.656 Thread 0x0000022fab0673d0 DEOPT PACKING pc=0x0000022f97a592a8 sp=0x000000487d8fcdf0
Event: 3.656 Thread 0x0000022fab0673d0 DEOPT UNPACKING pc=0x0000022f974969a3 sp=0x000000487d8fcdc0 mode 2

Classes unloaded (0 events):
No events

Classes redefined (0 events):
No events

Internal exceptions (20 events):
Event: 2.549 Thread 0x0000022fab068be0 Exception <a 'java/lang/NoSuchMethodError'{0x0000000086034878}: static Lorg/gradle/tooling/internal/provider/serialization/ClassLoaderDetails;.<clinit>()V> (0x0000000086034878) 
thrown [s\src\hotspot\share\prims\jni.cpp, line 1108]
Event: 2.551 Thread 0x0000022fab068be0 Exception <a 'java/lang/NoSuchMethodError'{0x000000008604d988}: static Lorg/gradle/internal/classloader/ClassLoaderSpec;.<clinit>()V> (0x000000008604d988) 
thrown [s\src\hotspot\share\prims\jni.cpp, line 1108]
Event: 2.553 Thread 0x0000022fab068be0 Exception <a 'java/lang/NoSuchMethodError'{0x0000000086057188}: static Lorg/gradle/tooling/internal/provider/serialization/WellKnownClassLoaderRegistry$KnownClassLoaderSpec;.<clinit>()V> (0x0000000086057188) 
thrown [s\src\hotspot\share\prims\jni.cpp, line 1108]
Event: 2.555 Thread 0x0000022fab068be0 Exception <a 'java/lang/NoSuchMethodError'{0x000000008606cf20}: static Lorg/gradle/tooling/internal/provider/serialization/ClientOwnedClassLoaderSpec;.<clinit>()V> (0x000000008606cf20) 
thrown [s\src\hotspot\share\prims\jni.cpp, line 1108]
Event: 2.696 Thread 0x0000022fab0673d0 Exception <a 'java/lang/NoSuchMethodError'{0x0000000085a994a0}: 'long java.lang.invoke.DirectMethodHandle$Holder.invokeInterface(java.lang.Object, java.lang.Object)'> (0x0000000085a994a0) 
thrown [s\src\hotspot\share\interpreter\linkResolver.cpp, line 771]
Event: 2.707 Thread 0x0000022fab0673d0 Exception <a 'java/lang/NoSuchMethodError'{0x0000000085ad1130}: 'java.lang.Object java.lang.invoke.DirectMethodHandle$Holder.invokeVirtual(java.lang.Object, java.lang.Object, java.lang.Object)'> (0x0000000085ad1130) 
thrown [s\src\hotspot\share\interpreter\linkResolver.cpp, line 771]
Event: 2.844 Thread 0x0000022fab0673d0 Exception <a 'java/lang/NoSuchMethodError'{0x00000000856d2318}: 'void java.lang.invoke.DirectMethodHandle$Holder.invokeStatic(java.lang.Object, java.lang.Object)'> (0x00000000856d2318) 
thrown [s\src\hotspot\share\interpreter\linkResolver.cpp, line 771]
Event: 2.970 Thread 0x0000022fab0673d0 Exception <a 'java/lang/NoSuchMethodError'{0x000000008547a308}: 'java.lang.Object java.lang.invoke.DirectMethodHandle$Holder.newInvokeSpecial(java.lang.Object, java.lang.Object, java.lang.Object, java.lang.Object, java.lang.Object)'> (0x000000008547a308) 
thrown [s\src\hotspot\share\interpreter\linkResolver.cpp, line 771]
Event: 3.039 Thread 0x0000022fab0673d0 Exception <a 'java/lang/NoSuchMethodError'{0x000000008529a218}: 'void java.lang.invoke.DirectMethodHandle$Holder.invokeSpecial(java.lang.Object, java.lang.Object, java.lang.Object)'> (0x000000008529a218) 
thrown [s\src\hotspot\share\interpreter\linkResolver.cpp, line 771]
Event: 3.054 Thread 0x0000022fab0673d0 Exception <a 'java/lang/NoSuchMethodError'{0x0000000085134d68}: 'java.lang.Object java.lang.invoke.DirectMethodHandle$Holder.newInvokeSpecial(java.lang.Object, java.lang.Object, java.lang.Object, java.lang.Object, java.lang.Object, java.lang.Object)'> (0x0000000085134d68) 
thrown [s\src\hotspot\share\interpreter\linkResolver.cpp, line 771]
Event: 3.057 Thread 0x0000022fab0673d0 Exception <a 'java/lang/NoSuchMethodError'{0x000000008514c870}: 'void java.lang.invoke.DirectMethodHandle$Holder.invokeSpecial(java.lang.Object, java.lang.Object, java.lang.Object, java.lang.Object, java.lang.Object)'> (0x000000008514c870) 
thrown [s\src\hotspot\share\interpreter\linkResolver.cpp, line 771]
Event: 3.059 Thread 0x0000022fab0673d0 Exception <a 'java/lang/NoSuchMethodError'{0x0000000085160690}: 'void java.lang.invoke.DirectMethodHandle$Holder.invokeStaticInit(java.lang.Object, java.lang.Object)'> (0x0000000085160690) 
thrown [s\src\hotspot\share\interpreter\linkResolver.cpp, line 771]
Event: 3.224 Thread 0x0000022fab0673d0 Exception <a 'java/lang/NoSuchMethodError'{0x0000000083894468}: 'void java.lang.invoke.DelegatingMethodHandle$Holder.reinvoke_L(java.lang.Object, java.lang.Object, java.lang.Object, java.lang.Object, java.lang.Object, java.lang.Object, java.lang.Object, java.lang.Object, java.lang.Object, java.lang.Object)'> (0x0000000083894468) 
thrown [s\src\hotspot\share\interpreter\linkResolver.cpp, line 771]
Event: 3.225 Thread 0x0000022fab0673d0 Exception <a 'java/lang/NoSuchMethodError'{0x000000008389cc80}: 'java.lang.Object java.lang.invoke.DirectMethodHandle$Holder.invokeSpecial(java.lang.Object, java.lang.Object, java.lang.Object, java.lang.Object, java.lang.Object, java.lang.Object, java.lang.Object, java.lang.Object, java.lang.Object, java.lang.Object)'> (0x000000008389cc80) 
thrown [s\src\hotspot\share\interpreter\linkResolver.cpp, line 771]
Event: 3.225 Thread 0x0000022fab0673d0 Exception <a 'java/lang/NoSuchMethodError'{0x00000000838a1550}: 'java.lang.Object java.lang.invoke.Invokers$Holder.invoker(java.lang.Object, java.lang.Object, java.lang.Object, java.lang.Object, java.lang.Object, java.lang.Object, java.lang.Object, java.lang.Object, java.lang.Object, java.lang.Object)'> (0x00000000838a1550) 
thrown [s\src\hotspot\share\interpreter\linkResolver.cpp, line 771]
Event: 3.226 Thread 0x0000022fab0673d0 Exception <a 'java/lang/NoSuchMethodError'{0x00000000838a7158}: 'java.lang.Object java.lang.invoke.DirectMethodHandle$Holder.invokeSpecial(java.lang.Object, java.lang.Object, java.lang.Object, java.lang.Object, java.lang.Object, java.lang.Object, java.lang.Object, java.lang.Object, java.lang.Object, java.lang.Object, java.lang.Object)'> (0x00000000838a7158) 
thrown [s\src\hotspot\share\interpreter\linkResolver.cpp, line 771]
Event: 3.543 Thread 0x0000022fab0673d0 Exception <a 'java/lang/NoSuchMethodError'{0x000000008321b5b8}: 'void java.lang.invoke.DirectMethodHandle$Holder.invokeStaticInit(java.lang.Object)'> (0x000000008321b5b8) 
thrown [s\src\hotspot\share\interpreter\linkResolver.cpp, line 771]
Event: 3.561 Thread 0x0000022fab0673d0 Exception <a 'java/lang/NoSuchMethodError'{0x00000000832c9988}: 'java.lang.Object java.lang.invoke.DirectMethodHandle$Holder.newInvokeSpecial(java.lang.Object, java.lang.Object, java.lang.Object, int)'> (0x00000000832c9988) 
thrown [s\src\hotspot\share\interpreter\linkResolver.cpp, line 771]
Event: 3.562 Thread 0x0000022fab0673d0 Exception <a 'java/lang/NoSuchMethodError'{0x00000000832ce2b8}: 'java.lang.Object java.lang.invoke.DirectMethodHandle$Holder.invokeSpecial(java.lang.Object, java.lang.Object, java.lang.Object, java.lang.Object, int)'> (0x00000000832ce2b8) 
thrown [s\src\hotspot\share\interpreter\linkResolver.cpp, line 771]
Event: 3.562 Thread 0x0000022fab0673d0 Exception <a 'java/lang/NoSuchMethodError'{0x00000000832d23d0}: 'java.lang.Object java.lang.invoke.Invokers$Holder.linkToTargetMethod(java.lang.Object, java.lang.Object, int, java.lang.Object)'> (0x00000000832d23d0) 
thrown [s\src\hotspot\share\interpreter\linkResolver.cpp, line 771]

VM Operations (20 events):
Event: 2.203 Executing VM operation: HandshakeAllThreads
Event: 2.203 Executing VM operation: HandshakeAllThreads done
Event: 2.398 Executing VM operation: HandshakeAllThreads
Event: 2.398 Executing VM operation: HandshakeAllThreads done
Event: 2.398 Executing VM operation: Cleanup
Event: 2.398 Executing VM operation: Cleanup done
Event: 2.462 Executing VM operation: HandshakeAllThreads
Event: 2.462 Executing VM operation: HandshakeAllThreads done
Event: 3.079 Executing VM operation: CollectForMetadataAllocation
Event: 3.086 Executing VM operation: CollectForMetadataAllocation done
Event: 3.093 Executing VM operation: G1Concurrent
Event: 3.095 Executing VM operation: G1Concurrent done
Event: 3.096 Executing VM operation: G1Concurrent
Event: 3.100 Executing VM operation: G1Concurrent done
Event: 3.171 Executing VM operation: HandshakeAllThreads
Event: 3.171 Executing VM operation: HandshakeAllThreads done
Event: 4.010 Executing VM operation: HandshakeAllThreads
Event: 4.010 Executing VM operation: HandshakeAllThreads done
Event: 4.010 Executing VM operation: HandshakeAllThreads
Event: 4.010 Executing VM operation: HandshakeAllThreads done

Events (20 events):
Event: 3.566 loading class sun/misc/Unsafe done
Event: 3.571 Thread 0x0000022fad190700 Thread added: 0x0000022fad190700
Event: 3.572 loading class java/net/DatagramPacket
Event: 3.572 loading class java/net/DatagramPacket done
Event: 3.572 loading class sun/nio/ch/DatagramSocketAdaptor$DatagramPackets
Event: 3.572 loading class sun/nio/ch/DatagramSocketAdaptor$DatagramPackets done
Event: 3.581 loading class java/lang/Character$CharacterCache
Event: 3.581 loading class java/lang/Character$CharacterCache done
Event: 3.655 loading class java/io/File$TempDirectory
Event: 3.655 loading class java/io/File$TempDirectory done
Event: 3.980 loading class java/io/PrintWriter
Event: 3.980 loading class java/io/PrintWriter done
Event: 3.986 loading class java/io/UncheckedIOException
Event: 3.986 loading class java/io/UncheckedIOException done
Event: 3.990 loading class java/util/zip/CheckedInputStream
Event: 3.990 loading class java/util/zip/CheckedInputStream done
Event: 3.991 loading class java/io/FilenameFilter
Event: 3.991 loading class java/io/FilenameFilter done
Event: 3.992 loading class java/nio/file/FileVisitor
Event: 3.992 loading class java/nio/file/FileVisitor done


Dynamic libraries:
0x00007ff664020000 - 0x00007ff66402a000 	D:\Programs\Android Studio\jbr\bin\java.exe
0x00007ffcc6490000 - 0x00007ffcc6688000 	C:\Windows\SYSTEM32\ntdll.dll
0x00007ffcc6280000 - 0x00007ffcc633f000 	C:\Windows\System32\KERNEL32.DLL
0x00007ffcc3c70000 - 0x00007ffcc3f66000 	C:\Windows\System32\KERNELBASE.dll
0x00007ffcc3b70000 - 0x00007ffcc3c70000 	C:\Windows\System32\ucrtbase.dll
0x00007ffcba650000 - 0x00007ffcba667000 	D:\Programs\Android Studio\jbr\bin\jli.dll
0x00007ffcbb520000 - 0x00007ffcbb53b000 	D:\Programs\Android Studio\jbr\bin\VCRUNTIME140.dll
0x00007ffcc60e0000 - 0x00007ffcc627d000 	C:\Windows\System32\USER32.dll
0x00007ffcc4070000 - 0x00007ffcc4092000 	C:\Windows\System32\win32u.dll
0x00007ffca5880000 - 0x00007ffca5b1a000 	C:\Windows\WinSxS\amd64_microsoft.windows.common-controls_6595b64144ccf1df_6.0.19041.1110_none_60b5254171f9507e\COMCTL32.dll
0x00007ffcc6420000 - 0x00007ffcc644c000 	C:\Windows\System32\GDI32.dll
0x00007ffcc4b30000 - 0x00007ffcc4bce000 	C:\Windows\System32\msvcrt.dll
0x00007ffcc40f0000 - 0x00007ffcc4205000 	C:\Windows\System32\gdi32full.dll
0x00007ffcc4450000 - 0x00007ffcc44ed000 	C:\Windows\System32\msvcp_win.dll
0x00007ffcc5f00000 - 0x00007ffcc5f30000 	C:\Windows\System32\IMM32.DLL
0x00007ffcb9280000 - 0x00007ffcb928c000 	D:\Programs\Android Studio\jbr\bin\vcruntime140_1.dll
0x00007ffc98310000 - 0x00007ffc9839d000 	D:\Programs\Android Studio\jbr\bin\msvcp140.dll
0x00007ffc8a790000 - 0x00007ffc8b410000 	D:\Programs\Android Studio\jbr\bin\server\jvm.dll
0x00007ffcc4d20000 - 0x00007ffcc4dcf000 	C:\Windows\System32\ADVAPI32.dll
0x00007ffcc4710000 - 0x00007ffcc47ac000 	C:\Windows\System32\sechost.dll
0x00007ffcc5440000 - 0x00007ffcc5566000 	C:\Windows\System32\RPCRT4.dll
0x00007ffcbbe60000 - 0x00007ffcbbe87000 	C:\Windows\SYSTEM32\WINMM.dll
0x00007ffcbd490000 - 0x00007ffcbd499000 	C:\Windows\SYSTEM32\WSOCK32.dll
0x00007ffcbe250000 - 0x00007ffcbe25a000 	C:\Windows\SYSTEM32\VERSION.dll
0x00007ffcc4dd0000 - 0x00007ffcc4e3b000 	C:\Windows\System32\WS2_32.dll
0x00007ffcc23a0000 - 0x00007ffcc23b2000 	C:\Windows\SYSTEM32\kernel.appcore.dll
0x00007ffcbbd50000 - 0x00007ffcbbd5a000 	D:\Programs\Android Studio\jbr\bin\jimage.dll
0x00007ffcbe780000 - 0x00007ffcbe964000 	C:\Windows\SYSTEM32\DBGHELP.DLL
0x00007ffca8740000 - 0x00007ffca8774000 	C:\Windows\SYSTEM32\dbgcore.DLL
0x00007ffcc3fe0000 - 0x00007ffcc4062000 	C:\Windows\System32\bcryptPrimitives.dll
0x00007ffcba690000 - 0x00007ffcba69e000 	D:\Programs\Android Studio\jbr\bin\instrument.dll
0x00007ffcb8770000 - 0x00007ffcb8795000 	D:\Programs\Android Studio\jbr\bin\java.dll
0x00007ffcb8bf0000 - 0x00007ffcb8c08000 	D:\Programs\Android Studio\jbr\bin\zip.dll
0x00007ffcc56a0000 - 0x00007ffcc5de4000 	C:\Windows\System32\SHELL32.dll
0x00007ffcc1c00000 - 0x00007ffcc2393000 	C:\Windows\SYSTEM32\windows.storage.dll
0x00007ffcc47b0000 - 0x00007ffcc4b04000 	C:\Windows\System32\combase.dll
0x00007ffcc34e0000 - 0x00007ffcc350e000 	C:\Windows\SYSTEM32\Wldp.dll
0x00007ffcc4660000 - 0x00007ffcc470d000 	C:\Windows\System32\SHCORE.dll
0x00007ffcc53e0000 - 0x00007ffcc5435000 	C:\Windows\System32\shlwapi.dll
0x00007ffcc3ab0000 - 0x00007ffcc3acf000 	C:\Windows\SYSTEM32\profapi.dll
0x00007ffcb5a50000 - 0x00007ffcb5a69000 	D:\Programs\Android Studio\jbr\bin\net.dll
0x00007ffcbe260000 - 0x00007ffcbe36a000 	C:\Windows\SYSTEM32\WINHTTP.dll
0x00007ffcc3240000 - 0x00007ffcc32aa000 	C:\Windows\system32\mswsock.dll
0x00007ffcb5a30000 - 0x00007ffcb5a46000 	D:\Programs\Android Studio\jbr\bin\nio.dll
0x00007ffcba450000 - 0x00007ffcba460000 	D:\Programs\Android Studio\jbr\bin\verify.dll
0x00007ffcb5a00000 - 0x00007ffcb5a27000 	C:\Users\DELL\.gradle\native\68d5fa5c4cc2d200863cafc0d521ce42e7d3e7ee720ec0a83991735586a16f82\windows-amd64\native-platform.dll
0x00007ffc90a30000 - 0x00007ffc90b74000 	C:\Users\DELL\.gradle\native\e376f236ea51e6404a007f0833ffe2c6e607c4080706a723a18a27aeea778392\windows-amd64\native-platform-file-events.dll
0x00007ffcba640000 - 0x00007ffcba649000 	D:\Programs\Android Studio\jbr\bin\management.dll
0x00007ffcba520000 - 0x00007ffcba52b000 	D:\Programs\Android Studio\jbr\bin\management_ext.dll
0x00007ffcc4cb0000 - 0x00007ffcc4cb8000 	C:\Windows\System32\PSAPI.DLL
0x00007ffcc3430000 - 0x00007ffcc3448000 	C:\Windows\SYSTEM32\CRYPTSP.dll
0x00007ffcc2b60000 - 0x00007ffcc2b94000 	C:\Windows\system32\rsaenh.dll
0x00007ffcc4370000 - 0x00007ffcc4397000 	C:\Windows\System32\bcrypt.dll
0x00007ffcc3a20000 - 0x00007ffcc3a4e000 	C:\Windows\SYSTEM32\USERENV.dll
0x00007ffcc3450000 - 0x00007ffcc345c000 	C:\Windows\SYSTEM32\CRYPTBASE.dll
0x00007ffcc2f30000 - 0x00007ffcc2f6c000 	C:\Windows\SYSTEM32\IPHLPAPI.DLL
0x00007ffcc6410000 - 0x00007ffcc6418000 	C:\Windows\System32\NSI.dll
0x00007ffcb8e70000 - 0x00007ffcb8e87000 	C:\Windows\SYSTEM32\dhcpcsvc6.DLL
0x00007ffcb8c70000 - 0x00007ffcb8c8d000 	C:\Windows\SYSTEM32\dhcpcsvc.DLL
0x00007ffcc2f70000 - 0x00007ffcc303a000 	C:\Windows\SYSTEM32\DNSAPI.dll
0x00007ffcb9c60000 - 0x00007ffcb9c67000 	C:\Windows\system32\wshunix.dll

dbghelp: loaded successfully - version: 4.0.5 - missing functions: none
symbol engine: initialized successfully - sym options: 0x614 - pdb path: .;D:\Programs\Android Studio\jbr\bin;C:\Windows\SYSTEM32;C:\Windows\WinSxS\amd64_microsoft.windows.common-controls_6595b64144ccf1df_6.0.19041.1110_none_60b5254171f9507e;D:\Programs\Android Studio\jbr\bin\server;C:\Users\DELL\.gradle\native\68d5fa5c4cc2d200863cafc0d521ce42e7d3e7ee720ec0a83991735586a16f82\windows-amd64;C:\Users\DELL\.gradle\native\e376f236ea51e6404a007f0833ffe2c6e607c4080706a723a18a27aeea778392\windows-amd64

VM Arguments:
jvm_args: --add-opens=java.base/java.util=ALL-UNNAMED --add-opens=java.base/java.lang=ALL-UNNAMED --add-opens=java.base/java.lang.invoke=ALL-UNNAMED --add-opens=java.prefs/java.util.prefs=ALL-UNNAMED --add-opens=java.base/java.nio.charset=ALL-UNNAMED --add-opens=java.base/java.net=ALL-UNNAMED --add-opens=java.base/java.util.concurrent.atomic=ALL-UNNAMED -Xmx2048M -Dfile.encoding=UTF-8 -Duser.country=US -Duser.language=en -Duser.variant -javaagent:C:\Users\DELL\.gradle\wrapper\dists\gradle-8.2-bin\bbg7u40eoinfdyxsxr3z4i7ta\gradle-8.2\lib\agents\gradle-instrumentation-agent-8.2.jar 
java_command: org.gradle.launcher.daemon.bootstrap.GradleDaemon 8.2
java_class_path (initial): C:\Users\DELL\.gradle\wrapper\dists\gradle-8.2-bin\bbg7u40eoinfdyxsxr3z4i7ta\gradle-8.2\lib\gradle-launcher-8.2.jar
Launcher Type: SUN_STANDARD

[Global flags]
     intx CICompilerCount                          = 4                                         {product} {ergonomic}
     uint ConcGCThreads                            = 2                                         {product} {ergonomic}
     uint G1ConcRefinementThreads                  = 8                                         {product} {ergonomic}
   size_t G1HeapRegionSize                         = 1048576                                   {product} {ergonomic}
    uintx GCDrainStackTargetSize                   = 64                                        {product} {ergonomic}
   size_t InitialHeapSize                          = 132120576                                 {product} {ergonomic}
   size_t MarkStackSize                            = 4194304                                   {product} {ergonomic}
   size_t MaxHeapSize                              = 2147483648                                {product} {command line}
   size_t MaxNewSize                               = 1287651328                                {product} {ergonomic}
   size_t MinHeapDeltaBytes                        = 1048576                                   {product} {ergonomic}
   size_t MinHeapSize                              = 8388608                                   {product} {ergonomic}
    uintx NonNMethodCodeHeapSize                   = 5839372                                {pd product} {ergonomic}
    uintx NonProfiledCodeHeapSize                  = 122909434                              {pd product} {ergonomic}
    uintx ProfiledCodeHeapSize                     = 122909434                              {pd product} {ergonomic}
    uintx ReservedCodeCacheSize                    = 251658240                              {pd product} {ergonomic}
     bool SegmentedCodeCache                       = true                                      {product} {ergonomic}
   size_t SoftMaxHeapSize                          = 2147483648                             {manageable} {ergonomic}
     bool UseCompressedClassPointers               = true                           {product lp64_product} {ergonomic}
     bool UseCompressedOops                        = true                           {product lp64_product} {ergonomic}
     bool UseG1GC                                  = true                                      {product} {ergonomic}
     bool UseLargePagesIndividualAllocation        = false                                  {pd product} {ergonomic}

Logging:
Log output configuration:
 #0: stdout all=warning uptime,level,tags
 #1: stderr all=off uptime,level,tags

Environment Variables:
JAVA_HOME=C:\Program Files\Java\jdk1.8.0_321\bin
PATH=D:\VmWare\bin\;C:\Program Files\Common Files\Oracle\Java\javapath;C:\Windows\system32;C:\Windows;C:\Windows\System32\Wbem;C:\Windows\System32\WindowsPowerShell\v1.0\;C:\Windows\System32\OpenSSH\;C:\Program Files\dotnet\;C:\Program Files\Java\jdk1.8.0_321\bin;D:\Programs\bin;C:\msys64\mingw64\bin;D:\Programs\Git\cmd;C:\Program Files\Java\jdk-21\bin;C:\Users\DELL\AppData\Local\Microsoft\WindowsApps;D:\Programs\CLion\CLion 2023.2.2\bin;;D:\Programs\MSYS2;C:\Users\DELL\.dotnet\tools;C:\Program Files\Java\jdk-21\bin;D:\flutterSDK\flutter\bin;;D:\Programs\IntelliJ IDEA 2023.3.3\bin;
USERNAME=DELL
OS=Windows_NT
PROCESSOR_IDENTIFIER=Intel64 Family 6 Model 142 Stepping 10, GenuineIntel
TMP=C:\Users\DELL\AppData\Local\Temp
TEMP=C:\Users\DELL\AppData\Local\Temp


JNI global refs:
JNI global refs: 24, weak refs: 0

JNI global refs memory usage: 843, weak refs: 841

OOME stack traces (most recent first):
Classloader memory used:
Loader bootstrap                                                                       : 1846K
Loader org.gradle.internal.classloader.VisitableURLClassLoader                         : 1027K
Loader org.gradle.initialization.MixInLegacyTypesClassLoader                           : 82769B
Loader jdk.internal.loader.ClassLoaders$AppClassLoader                                 : 28352B
Loader jdk.internal.loader.ClassLoaders$PlatformClassLoader                            : 14818B
Loader jdk.internal.reflect.DelegatingClassLoader                                      : 5641B

Classes loaded by more than one classloader:
Class org.gradle.internal.installation.GradleInstallation                             : loaded 2 times (x 73B)
Class org.gradle.internal.classpath.ClassPath                                         : loaded 2 times (x 68B)
Class org.gradle.api.internal.classpath.DefaultModuleRegistry                         : loaded 2 times (x 84B)
Class org.gradle.api.Action                                                           : loaded 2 times (x 68B)
Class org.gradle.api.internal.DefaultClassPathProvider                                : loaded 2 times (x 74B)
Class org.gradle.internal.installation.GradleInstallation$1                           : loaded 2 times (x 73B)
Class org.gradle.internal.classloader.FilteringClassLoader                            : loaded 2 times (x 102B)
Class org.gradle.internal.classpath.DefaultClassPath$ImmutableUniqueList$Builder      : loaded 2 times (x 73B)
Class org.gradle.internal.classloader.ClassLoaderVisitor                              : loaded 2 times (x 74B)
Class org.gradle.internal.service.DefaultServiceLocator                               : loaded 2 times (x 81B)
Class org.gradle.internal.service.UnknownServiceException                             : loaded 2 times (x 81B)
Class org.gradle.internal.classloader.VisitableURLClassLoader$Spec                    : loaded 2 times (x 72B)
Class org.gradle.api.GradleException                                                  : loaded 2 times (x 80B)
Class org.gradle.api.internal.classpath.ModuleRegistry                                : loaded 2 times (x 68B)
Class org.gradle.api.internal.ClassPathProvider                                       : loaded 2 times (x 68B)
Class org.gradle.internal.classloader.ClasspathUtil$1                                 : loaded 2 times (x 74B)
Class org.gradle.internal.classloader.ClassLoaderFactory                              : loaded 2 times (x 68B)
Class org.gradle.api.internal.classpath.ManifestUtil                                  : loaded 2 times (x 69B)
Class org.gradle.api.specs.Spec                                                       : loaded 2 times (x 68B)
Class org.gradle.internal.IoActions                                                   : loaded 2 times (x 69B)
Class org.gradle.api.internal.classpath.EffectiveClassPath                            : loaded 2 times (x 88B)
Class org.gradle.internal.installation.CurrentGradleInstallation                      : loaded 2 times (x 71B)
Class org.gradle.internal.agents.InstrumentingClassLoader                             : loaded 2 times (x 68B)
Class org.gradle.internal.installation.CurrentGradleInstallationLocator               : loaded 2 times (x 69B)
Class org.gradle.api.internal.classpath.Module                                        : loaded 2 times (x 68B)
Class org.gradle.internal.service.CachingServiceLocator                               : loaded 2 times (x 80B)
Class org.gradle.internal.classpath.DefaultClassPath                                  : loaded 2 times (x 88B)
Class org.gradle.internal.classloader.SystemClassLoaderSpec                           : loaded 2 times (x 69B)
Class org.gradle.api.UncheckedIOException                                             : loaded 2 times (x 80B)
Class org.gradle.internal.classloader.ClasspathUtil                                   : loaded 2 times (x 69B)
Class org.gradle.api.internal.DefaultClassPathRegistry                                : loaded 2 times (x 74B)
Class org.gradle.api.internal.classpath.DefaultModuleRegistry$DefaultModule           : loaded 2 times (x 84B)
Class org.gradle.api.internal.classpath.UnknownModuleException                        : loaded 2 times (x 80B)
Class org.gradle.internal.service.ServiceLookupException                              : loaded 2 times (x 80B)
Class org.gradle.cache.GlobalCache                                                    : loaded 2 times (x 68B)
Class [Lorg.gradle.api.internal.ClassPathProvider;                                    : loaded 2 times (x 67B)
Class org.gradle.util.internal.GUtil                                                  : loaded 2 times (x 69B)
Class org.gradle.internal.classloader.ClassLoaderSpec                                 : loaded 2 times (x 69B)
Class org.gradle.internal.classloader.VisitableURLClassLoader                         : loaded 2 times (x 114B)
Class org.gradle.internal.Cast                                                        : loaded 2 times (x 69B)
Class org.gradle.api.internal.ClassPathRegistry                                       : loaded 2 times (x 68B)
Class org.gradle.internal.classloader.VisitableURLClassLoader$InstrumentingVisitableURLClassLoader: loaded 2 times (x 120B)
Class org.gradle.internal.classloader.ClassLoaderHierarchy                            : loaded 2 times (x 68B)
Class org.gradle.internal.InternalTransformer                                         : loaded 2 times (x 68B)
Class org.gradle.internal.service.ServiceLocator                                      : loaded 2 times (x 68B)
Class org.gradle.internal.classpath.DefaultClassPath$ImmutableUniqueList              : loaded 2 times (x 159B)
Class org.gradle.internal.classpath.TransformedClassPath                              : loaded 2 times (x 94B)


---------------  S Y S T E M  ---------------

OS:
 Windows 10 , 64 bit Build 19041 (10.0.19041.3031)
OS uptime: 5 days 3:58 hours

CPU: total 8 (initial active 8) (4 cores per cpu, 2 threads per core) family 6 model 142 stepping 10 microcode 0xd6, cx8, cmov, fxsr, ht, mmx, 3dnowpref, sse, sse2, sse3, ssse3, sse4.1, sse4.2, popcnt, lzcnt, tsc, tscinvbit, avx, avx2, aes, erms, clmul, bmi1, bmi2, rtm, adx, fma, vzeroupper, clflush, clflushopt

Memory: 4k page, system-wide physical 8050M (2468M free)
TotalPageFile size 13539M (AvailPageFile size 7033M)
current process WorkingSet (physical memory assigned to process): 142M, peak: 157M
current process commit charge ("private bytes"): 211M, peak: 263M

vm_info: OpenJDK 64-Bit Server VM (17.0.7+0-b2043.56-10550314) for windows-amd64 JRE (17.0.7+0-b2043.56-10550314), built on Jul 24 2023 18:27:45 by "androidbuild" with MS VC++ 16.10 / 16.11 (VS2019)

END.
